# JRE version: OpenJDK Runtime Environment GraalVM CE 22.3.0 (17.0.5+8) (build 17.0.5+8-jvmci-22.3-b08)
# Java VM: OpenJDK 64-Bit Server VM GraalVM CE 22.3.0 (17.0.5+8-jvmci-22.3-b08, mixed mode, sharing, tiered, jvmci, jvmci compiler, compressed oops, compressed class ptrs, parallel gc, linux-amd64)
GC Precious Log:
 CPUs: 16 total, 2 available
 Memory: 3215M
 Large Page Support: Disabled
 NUMA Support: Disabled
 Compressed Oops: Enabled (32-bit)
 Alignments: Space 512K, Generation 512K, Heap 2M
 Heap Min Capacity: 100M
 Heap Initial Capacity: 100M
 Heap Max Capacity: 512M
 Pre-touch: Disabled
 Parallel Workers: 2
Heap:
 PSYoungGen      total 50688K, used 31690K [0x00000000f5580000, 0x00000000fcf00000, 0x0000000100000000)
  eden space 29184K, 100% used [0x00000000f5580000,0x00000000f7200000,0x00000000f7200000)
  from space 21504K, 11% used [0x00000000fa000000,0x00000000fa272b38,0x00000000fb500000)
  to   space 47104K, 0% used [0x00000000f7200000,0x00000000f7200000,0x00000000fa000000)
 ParOldGen       total 349696K, used 349696K [0x00000000e0000000, 0x00000000f5580000, 0x00000000f5580000)
  object space 349696K, 100% used [0x00000000e0000000,0x00000000f5580000,0x00000000f5580000)
 Metaspace       used 60720K, committed 61952K, reserved 1105920K
  class space    used 6007K, committed 6464K, reserved 1048576K
GC Heap History (20 events):
Event: 159.501 GC heap before
{Heap before GC invocations=469 (full 377):
 PSYoungGen      total 50688K, used 31690K [0x00000000f5580000, 0x00000000fcf00000, 0x0000000100000000)
  eden space 29184K, 99% used [0x00000000f5580000,0x00000000f71ffff8,0x00000000f7200000)
  from space 21504K, 11% used [0x00000000fa000000,0x00000000fa272b38,0x00000000fb500000)
  to   space 47104K, 0% used [0x00000000f7200000,0x00000000f7200000,0x00000000fa000000)
 ParOldGen       total 349696K, used 349695K [0x00000000e0000000, 0x00000000f5580000, 0x00000000f5580000)
  object space 349696K, 99% used [0x00000000e0000000,0x00000000f557ffe0,0x00000000f5580000)
 Metaspace       used 60720K, committed 61952K, reserved 1105920K
  class space    used 6007K, committed 6464K, reserved 1048576K
}
Event: 159.899 GC heap after
{Heap after GC invocations=469 (full 377):
 PSYoungGen      total 50688K, used 31690K [0x00000000f5580000, 0x00000000fcf00000, 0x0000000100000000)
  eden space 29184K, 99% used [0x00000000f5580000,0x00000000f71ffff8,0x00000000f7200000)
  from space 21504K, 11% used [0x00000000fa000000,0x00000000fa272b38,0x00000000fb500000)
  to   space 47104K, 0% used [0x00000000f7200000,0x00000000f7200000,0x00000000fa000000)
 ParOldGen       total 349696K, used 349695K [0x00000000e0000000, 0x00000000f5580000, 0x00000000f5580000)
  object space 349696K, 99% used [0x00000000e0000000,0x00000000f557feb0,0x00000000f5580000)
 Metaspace       used 60720K, committed 61952K, reserved 1105920K
  class space    used 6007K, committed 6464K, reserved 1048576K
}
Event: 159.900 GC heap before
{Heap before GC invocations=470 (full 378):
 PSYoungGen      total 50688K, used 31690K [0x00000000f5580000, 0x00000000fcf00000, 0x0000000100000000)
  eden space 29184K, 99% used [0x00000000f5580000,0x00000000f71ffff8,0x00000000f7200000)
  from space 21504K, 11% used [0x00000000fa000000,0x00000000fa272b38,0x00000000fb500000)
  to   space 47104K, 0% used [0x00000000f7200000,0x00000000f7200000,0x00000000fa000000)
 ParOldGen       total 349696K, used 349696K [0x00000000e0000000, 0x00000000f5580000, 0x00000000f5580000)
  object space 349696K, 100% used [0x00000000e0000000,0x00000000f5580000,0x00000000f5580000)
 Metaspace       used 60720K, committed 61952K, reserved 1105920K
  class space    used 6007K, committed 6464K, reserved 1048576K
}
Event: 160.296 GC heap after
{Heap after GC invocations=470 (full 378):
 PSYoungGen      total 50688K, used 31690K [0x00000000f5580000, 0x00000000fcf00000, 0x0000000100000000)
  eden space 29184K, 99% used [0x00000000f5580000,0x00000000f71ffff8,0x00000000f7200000)
  from space 21504K, 11% used [0x00000000fa000000,0x00000000fa272b38,0x00000000fb500000)
  to   space 47104K, 0% used [0x00000000f7200000,0x00000000f7200000,0x00000000fa000000)
 ParOldGen       total 349696K, used 349695K [0x00000000e0000000, 0x00000000f5580000, 0x00000000f5580000)
  object space 349696K, 99% used [0x00000000e0000000,0x00000000f557ffb0,0x00000000f5580000)
 Metaspace       used 60720K, committed 61952K, reserved 1105920K
  class space    used 6007K, committed 6464K, reserved 1048576K
}
Event: 160.296 GC heap before
{Heap before GC invocations=471 (full 379):
 PSYoungGen      total 50688K, used 31690K [0x00000000f5580000, 0x00000000fcf00000, 0x0000000100000000)
  eden space 29184K, 99% used [0x00000000f5580000,0x00000000f71ffff8,0x00000000f7200000)
  from space 21504K, 11% used [0x00000000fa000000,0x00000000fa272b38,0x00000000fb500000)
  to   space 47104K, 0% used [0x00000000f7200000,0x00000000f7200000,0x00000000fa000000)
 ParOldGen       total 349696K, used 349695K [0x00000000e0000000, 0x00000000f5580000, 0x00000000f5580000)
  object space 349696K, 99% used [0x00000000e0000000,0x00000000f557ffe0,0x00000000f5580000)
 Metaspace       used 60720K, committed 61952K, reserved 1105920K
  class space    used 6007K, committed 6464K, reserved 1048576K
}
Event: 160.739 GC heap after
{Heap after GC invocations=471 (full 379):
 PSYoungGen      total 50688K, used 31690K [0x00000000f5580000, 0x00000000fcf00000, 0x0000000100000000)
  eden space 29184K, 99% used [0x00000000f5580000,0x00000000f71fffe0,0x00000000f7200000)
  from space 21504K, 11% used [0x00000000fa000000,0x00000000fa272b38,0x00000000fb500000)
  to   space 47104K, 0% used [0x00000000f7200000,0x00000000f7200000,0x00000000fa000000)
 ParOldGen       total 349696K, used 349695K [0x00000000e0000000, 0x00000000f5580000, 0x00000000f5580000)
  object space 349696K, 99% used [0x00000000e0000000,0x00000000f557ffe0,0x00000000f5580000)
 Metaspace       used 60720K, committed 61952K, reserved 1105920K
  class space    used 6007K, committed 6464K, reserved 1048576K
}
Event: 160.739 GC heap before
{Heap before GC invocations=472 (full 380):
 PSYoungGen      total 50688K, used 31690K [0x00000000f5580000, 0x00000000fcf00000, 0x0000000100000000)
  eden space 29184K, 99% used [0x00000000f5580000,0x00000000f71fffe0,0x00000000f7200000)
  from space 21504K, 11% used [0x00000000fa000000,0x00000000fa272b38,0x00000000fb500000)
  to   space 47104K, 0% used [0x00000000f7200000,0x00000000f7200000,0x00000000fa000000)
 ParOldGen       total 349696K, used 349695K [0x00000000e0000000, 0x00000000f5580000, 0x00000000f5580000)
  object space 349696K, 99% used [0x00000000e0000000,0x00000000f557ffe0,0x00000000f5580000)
 Metaspace       used 60720K, committed 61952K, reserved 1105920K
  class space    used 6007K, committed 6464K, reserved 1048576K
}
Event: 161.119 GC heap after
{Heap after GC invocations=472 (full 380):
 PSYoungGen      total 50688K, used 31690K [0x00000000f5580000, 0x00000000fcf00000, 0x0000000100000000)
  eden space 29184K, 99% used [0x00000000f5580000,0x00000000f71fffe0,0x00000000f7200000)
  from space 21504K, 11% used [0x00000000fa000000,0x00000000fa272b38,0x00000000fb500000)
  to   space 47104K, 0% used [0x00000000f7200000,0x00000000f7200000,0x00000000fa000000)
 ParOldGen       total 349696K, used 349695K [0x00000000e0000000, 0x00000000f5580000, 0x00000000f5580000)
  object space 349696K, 99% used [0x00000000e0000000,0x00000000f557ffe0,0x00000000f5580000)
 Metaspace       used 60720K, committed 61952K, reserved 1105920K
  class space    used 6007K, committed 6464K, reserved 1048576K
}
Event: 161.120 GC heap before
{Heap before GC invocations=473 (full 381):
 PSYoungGen      total 50688K, used 31690K [0x00000000f5580000, 0x00000000fcf00000, 0x0000000100000000)
  eden space 29184K, 100% used [0x00000000f5580000,0x00000000f7200000,0x00000000f7200000)
  from space 21504K, 11% used [0x00000000fa000000,0x00000000fa272b38,0x00000000fb500000)
  to   space 47104K, 0% used [0x00000000f7200000,0x00000000f7200000,0x00000000fa000000)
 ParOldGen       total 349696K, used 349695K [0x00000000e0000000, 0x00000000f5580000, 0x00000000f5580000)
  object space 349696K, 99% used [0x00000000e0000000,0x00000000f557fff8,0x00000000f5580000)
 Metaspace       used 60720K, committed 61952K, reserved 1105920K
  class space    used 6007K, committed 6464K, reserved 1048576K
}
Event: 161.531 GC heap after
{Heap after GC invocations=473 (full 381):
 PSYoungGen      total 50688K, used 31690K [0x00000000f5580000, 0x00000000fcf00000, 0x0000000100000000)
  eden space 29184K, 100% used [0x00000000f5580000,0x00000000f7200000,0x00000000f7200000)
  from space 21504K, 11% used [0x00000000fa000000,0x00000000fa272b38,0x00000000fb500000)
  to   space 47104K, 0% used [0x00000000f7200000,0x00000000f7200000,0x00000000fa000000)
 ParOldGen       total 349696K, used 349695K [0x00000000e0000000, 0x00000000f5580000, 0x00000000f5580000)
  object space 349696K, 99% used [0x00000000e0000000,0x00000000f557fd28,0x00000000f5580000)
 Metaspace       used 60720K, committed 61952K, reserved 1105920K
  class space    used 6007K, committed 6464K, reserved 1048576K
}
Event: 161.532 GC heap before
{Heap before GC invocations=474 (full 382):
 PSYoungGen      total 50688K, used 31690K [0x00000000f5580000, 0x00000000fcf00000, 0x0000000100000000)
  eden space 29184K, 100% used [0x00000000f5580000,0x00000000f7200000,0x00000000f7200000)
  from space 21504K, 11% used [0x00000000fa000000,0x00000000fa272b38,0x00000000fb500000)
  to   space 47104K, 0% used [0x00000000f7200000,0x00000000f7200000,0x00000000fa000000)
 ParOldGen       total 349696K, used 349695K [0x00000000e0000000, 0x00000000f5580000, 0x00000000f5580000)
  object space 349696K, 99% used [0x00000000e0000000,0x00000000f557ff30,0x00000000f5580000)
 Metaspace       used 60720K, committed 61952K, reserved 1105920K
  class space    used 6007K, committed 6464K, reserved 1048576K
}
Event: 161.931 GC heap after
{Heap after GC invocations=474 (full 382):
 PSYoungGen      total 50688K, used 31690K [0x00000000f5580000, 0x00000000fcf00000, 0x0000000100000000)
  eden space 29184K, 100% used [0x00000000f5580000,0x00000000f7200000,0x00000000f7200000)
  from space 21504K, 11% used [0x00000000fa000000,0x00000000fa272b38,0x00000000fb500000)
  to   space 47104K, 0% used [0x00000000f7200000,0x00000000f7200000,0x00000000fa000000)
 ParOldGen       total 349696K, used 349695K [0x00000000e0000000, 0x00000000f5580000, 0x00000000f5580000)
  object space 349696K, 99% used [0x00000000e0000000,0x00000000f557fd88,0x00000000f5580000)
 Metaspace       used 60720K, committed 61952K, reserved 1105920K
  class space    used 6007K, committed 6464K, reserved 1048576K
}
Event: 161.931 GC heap before
{Heap before GC invocations=475 (full 383):
 PSYoungGen      total 50688K, used 31690K [0x00000000f5580000, 0x00000000fcf00000, 0x0000000100000000)
  eden space 29184K, 100% used [0x00000000f5580000,0x00000000f7200000,0x00000000f7200000)
  from space 21504K, 11% used [0x00000000fa000000,0x00000000fa272b38,0x00000000fb500000)
  to   space 47104K, 0% used [0x00000000f7200000,0x00000000f7200000,0x00000000fa000000)
 ParOldGen       total 349696K, used 349695K [0x00000000e0000000, 0x00000000f5580000, 0x00000000f5580000)
  object space 349696K, 99% used [0x00000000e0000000,0x00000000f557fff0,0x00000000f5580000)
 Metaspace       used 60720K, committed 61952K, reserved 1105920K
  class space    used 6007K, committed 6464K, reserved 1048576K
}
Event: 162.342 GC heap after
{Heap after GC invocations=475 (full 383):
 PSYoungGen      total 50688K, used 31690K [0x00000000f5580000, 0x00000000fcf00000, 0x0000000100000000)
  eden space 29184K, 100% used [0x00000000f5580000,0x00000000f7200000,0x00000000f7200000)
  from space 21504K, 11% used [0x00000000fa000000,0x00000000fa272b38,0x00000000fb500000)
  to   space 47104K, 0% used [0x00000000f7200000,0x00000000f7200000,0x00000000fa000000)
 ParOldGen       total 349696K, used 349695K [0x00000000e0000000, 0x00000000f5580000, 0x00000000f5580000)
  object space 349696K, 99% used [0x00000000e0000000,0x00000000f557fdd0,0x00000000f5580000)
 Metaspace       used 60720K, committed 61952K, reserved 1105920K
  class space    used 6007K, committed 6464K, reserved 1048576K
}
Event: 162.342 GC heap before
{Heap before GC invocations=476 (full 384):
 PSYoungGen      total 50688K, used 31690K [0x00000000f5580000, 0x00000000fcf00000, 0x0000000100000000)
  eden space 29184K, 100% used [0x00000000f5580000,0x00000000f7200000,0x00000000f7200000)
  from space 21504K, 11% used [0x00000000fa000000,0x00000000fa272b38,0x00000000fb500000)
  to   space 47104K, 0% used [0x00000000f7200000,0x00000000f7200000,0x00000000fa000000)
 ParOldGen       total 349696K, used 349695K [0x00000000e0000000, 0x00000000f5580000, 0x00000000f5580000)
  object space 349696K, 99% used [0x00000000e0000000,0x00000000f557fdd0,0x00000000f5580000)
 Metaspace       used 60720K, committed 61952K, reserved 1105920K
  class space    used 6007K, committed 6464K, reserved 1048576K
}
Event: 162.724 GC heap after
{Heap after GC invocations=476 (full 384):
 PSYoungGen      total 50688K, used 31690K [0x00000000f5580000, 0x00000000fcf00000, 0x0000000100000000)
  eden space 29184K, 100% used [0x00000000f5580000,0x00000000f7200000,0x00000000f7200000)
  from space 21504K, 11% used [0x00000000fa000000,0x00000000fa272b38,0x00000000fb500000)
  to   space 47104K, 0% used [0x00000000f7200000,0x00000000f7200000,0x00000000fa000000)
 ParOldGen       total 349696K, used 349695K [0x00000000e0000000, 0x00000000f5580000, 0x00000000f5580000)
  object space 349696K, 99% used [0x00000000e0000000,0x00000000f557fdd0,0x00000000f5580000)
 Metaspace       used 60720K, committed 61952K, reserved 1105920K
  class space    used 6007K, committed 6464K, reserved 1048576K
}
Event: 162.725 GC heap before
{Heap before GC invocations=477 (full 385):
 PSYoungGen      total 50688K, used 31690K [0x00000000f5580000, 0x00000000fcf00000, 0x0000000100000000)
  eden space 29184K, 100% used [0x00000000f5580000,0x00000000f7200000,0x00000000f7200000)
  from space 21504K, 11% used [0x00000000fa000000,0x00000000fa272b38,0x00000000fb500000)
  to   space 47104K, 0% used [0x00000000f7200000,0x00000000f7200000,0x00000000fa000000)
 ParOldGen       total 349696K, used 349695K [0x00000000e0000000, 0x00000000f5580000, 0x00000000f5580000)
  object space 349696K, 99% used [0x00000000e0000000,0x00000000f557fdd0,0x00000000f5580000)
 Metaspace       used 60720K, committed 61952K, reserved 1105920K
  class space    used 6007K, committed 6464K, reserved 1048576K
}
Event: 163.085 GC heap after
{Heap after GC invocations=477 (full 385):
 PSYoungGen      total 50688K, used 31690K [0x00000000f5580000, 0x00000000fcf00000, 0x0000000100000000)
  eden space 29184K, 100% used [0x00000000f5580000,0x00000000f7200000,0x00000000f7200000)
  from space 21504K, 11% used [0x00000000fa000000,0x00000000fa272b38,0x00000000fb500000)
  to   space 47104K, 0% used [0x00000000f7200000,0x00000000f7200000,0x00000000fa000000)
 ParOldGen       total 349696K, used 349695K [0x00000000e0000000, 0x00000000f5580000, 0x00000000f5580000)
  object space 349696K, 99% used [0x00000000e0000000,0x00000000f557fdd0,0x00000000f5580000)
 Metaspace       used 60720K, committed 61952K, reserved 1105920K
  class space    used 6007K, committed 6464K, reserved 1048576K
}
Event: 163.085 GC heap before
{Heap before GC invocations=478 (full 386):
 PSYoungGen      total 50688K, used 31690K [0x00000000f5580000, 0x00000000fcf00000, 0x0000000100000000)
  eden space 29184K, 100% used [0x00000000f5580000,0x00000000f7200000,0x00000000f7200000)
  from space 21504K, 11% used [0x00000000fa000000,0x00000000fa272b38,0x00000000fb500000)
  to   space 47104K, 0% used [0x00000000f7200000,0x00000000f7200000,0x00000000fa000000)
 ParOldGen       total 349696K, used 349695K [0x00000000e0000000, 0x00000000f5580000, 0x00000000f5580000)
  object space 349696K, 99% used [0x00000000e0000000,0x00000000f557fdd0,0x00000000f5580000)
 Metaspace       used 60720K, committed 61952K, reserved 1105920K
  class space    used 6007K, committed 6464K, reserved 1048576K
}
Event: 163.456 GC heap after
{Heap after GC invocations=478 (full 386):
 PSYoungGen      total 50688K, used 31690K [0x00000000f5580000, 0x00000000fcf00000, 0x0000000100000000)
  eden space 29184K, 100% used [0x00000000f5580000,0x00000000f7200000,0x00000000f7200000)
  from space 21504K, 11% used [0x00000000fa000000,0x00000000fa272b38,0x00000000fb500000)
  to   space 47104K, 0% used [0x00000000f7200000,0x00000000f7200000,0x00000000fa000000)
 ParOldGen       total 349696K, used 349695K [0x00000000e0000000, 0x00000000f5580000, 0x00000000f5580000)
  object space 349696K, 99% used [0x00000000e0000000,0x00000000f557fdd0,0x00000000f5580000)
 Metaspace       used 60720K, committed 61952K, reserved 1105920K
  class space    used 6007K, committed 6464K, reserved 1048576K
}

